
> www@0.0.0 start /home/bitnami/www
> node ./bin/www

Sun, 30 Apr 2017 10:50:46 GMT express-session deprecated undefined resave option; provide resave option at app.js:27:9
Sun, 30 Apr 2017 10:50:46 GMT express-session deprecated undefined saveUninitialized option; provide saveUninitialized option at app.js:27:9
Terminated

npm ERR! Linux 3.13.0-108-generic
npm ERR! argv "/opt/bitnami/nodejs/bin/.node.bin" "/opt/bitnami/nodejs/bin/npm" "start"
npm ERR! node v6.9.5
npm ERR! npm  v3.10.10
npm ERR! code ELIFECYCLE
npm ERR! www@0.0.0 start: `node ./bin/www`
npm ERR! Exit status 143
npm ERR! 
npm ERR! Failed at the www@0.0.0 start script 'node ./bin/www'.
npm ERR! Make sure you have the latest version of node.js and npm installed.
npm ERR! If you do, this is most likely a problem with the www package,
npm ERR! not with npm itself.
npm ERR! Tell the author that this fails on your system:
npm ERR!     node ./bin/www
npm ERR! You can get information on how to open an issue for this project with:
npm ERR!     npm bugs www
npm ERR! Or if that isn't available, you can get their info via:
npm ERR!     npm owner ls www
npm ERR! There is likely additional logging output above.

npm ERR! Please include the following file with any support request:
npm ERR!     /home/bitnami/www/npm-debug.log

> www@0.0.0 start /home/bitnami/www
> node ./bin/www

Sun, 30 Apr 2017 10:56:31 GMT express-session deprecated undefined resave option; provide resave option at app.js:27:9
Sun, 30 Apr 2017 10:56:31 GMT express-session deprecated undefined saveUninitialized option; provide saveUninitialized option at app.js:27:9
debug1
debug2
Sun, 30 Apr 2017 10:56:36 GMT express deprecated res.send(status, body): Use res.status(status).send(body) instead at routes/api.js:49:14
[0mGET /api/posts [36m304 [0m31.993 ms - -[0m
debug1
debug2
[0mGET /api/posts [36m304 [0m5.394 ms - -[0m
debug1
debug2
[0mGET /api/posts [36m304 [0m3.554 ms - -[0m
debug1
debug2
[0mGET /api/posts [36m304 [0m4.043 ms - -[0m
debug1
debug2
[0mGET /api/posts [36m304 [0m2.078 ms - -[0m
debug1
debug2
[0mGET /api/posts [36m304 [0m17.136 ms - -[0m
debug1
debug2
[0mGET /api/posts [36m304 [0m2.132 ms - -[0m
debug1
debug2
[0mGET /api/posts [36m304 [0m4.784 ms - -[0m
debug1
debug2
[0mGET /api/posts [36m304 [0m5.899 ms - -[0m
debug1
debug2
[0mGET /api/posts [36m304 [0m4.451 ms - -[0m
debug1
debug2
[0mGET /api/posts [36m304 [0m7.741 ms - -[0m
debug1
debug2
[0mGET /api/posts [32m200 [0m9.001 ms - 744[0m
debug1
debug2
[0mGET /api/posts [36m304 [0m3.352 ms - -[0m
debug1
debug2
[0mGET /api/posts [36m304 [0m2.337 ms - -[0m
debug1
debug2
[0mGET /api/posts [36m304 [0m2.211 ms - -[0m
serializing user: Bane
[0mPOST /auth/login [36m302 [0m268.511 ms - 35[0m
deserializing user: Bane
[0mGET /auth/success [32m200 [0m3.630 ms - 201[0m
deserializing user: Bane
debug1
debug2
[0mGET /api/posts [36m304 [0m4.582 ms - -[0m
deserializing user: Bane
[0mGET /auth/signout [36m302 [0m3.415 ms - 23[0m
debug1
debug2
[0mGET /api/posts [36m304 [0m3.419 ms - -[0m
Invalid Password
[0mPOST /auth/login [36m302 [0m237.912 ms - 35[0m
[0mGET /auth/failure [32m200 [0m0.732 ms - 72[0m
User Not Found with username jason
[0mPOST /auth/login [36m302 [0m5.910 ms - 35[0m
[0mGET /auth/failure [36m304 [0m0.676 ms - -[0m
User Not Found with username jason
[0mPOST /auth/login [36m302 [0m3.405 ms - 35[0m
[0mGET /auth/failure [36m304 [0m0.690 ms - -[0m
[0mGET /auth/signout [36m302 [0m1.295 ms - 23[0m
debug1
debug2
[0mGET /api/posts [36m304 [0m1.775 ms - -[0m
debug1
debug2
[0mGET /api/posts [36m304 [0m2.446 ms - -[0m
debug1
debug2
[0mGET /api/posts [32m200 [0m4.271 ms - 744[0m
debug1
debug2
[0mGET /api/posts [36m304 [0m3.036 ms - -[0m
debug1
debug2
[0mGET /api/posts [36m304 [0m3.047 ms - -[0m
debug1
debug2
[0mGET /api/posts [36m304 [0m2.708 ms - -[0m
debug1
debug2
[0mGET /api/posts [36m304 [0m2.706 ms - -[0m
debug1
debug2
[0mGET /api/posts [36m304 [0m2.731 ms - -[0m
debug1
debug2
[0mGET /api/posts [36m304 [0m3.481 ms - -[0m
Terminated

npm ERR! Linux 3.13.0-108-generic
npm ERR! argv "/opt/bitnami/nodejs/bin/.node.bin" "/opt/bitnami/nodejs/bin/npm" "start"
npm ERR! node v6.9.5
npm ERR! npm  v3.10.10
npm ERR! code ELIFECYCLE
npm ERR! www@0.0.0 start: `node ./bin/www`
npm ERR! Exit status 143
npm ERR! 
npm ERR! Failed at the www@0.0.0 start script 'node ./bin/www'.
npm ERR! Make sure you have the latest version of node.js and npm installed.
npm ERR! If you do, this is most likely a problem with the www package,
npm ERR! not with npm itself.
npm ERR! Tell the author that this fails on your system:
npm ERR!     node ./bin/www
npm ERR! You can get information on how to open an issue for this project with:
npm ERR!     npm bugs www
npm ERR! Or if that isn't available, you can get their info via:
npm ERR!     npm owner ls www
npm ERR! There is likely additional logging output above.

npm ERR! Please include the following file with any support request:
npm ERR!     /home/bitnami/www/npm-debug.log
