
> www@0.0.0 start /home/bitnami/www
> node ./bin/www

Sun, 30 Apr 2017 10:44:51 GMT express-session deprecated undefined resave option; provide resave option at app.js:27:9
Sun, 30 Apr 2017 10:44:51 GMT express-session deprecated undefined saveUninitialized option; provide saveUninitialized option at app.js:27:9
debug1
debug2
Sun, 30 Apr 2017 10:44:57 GMT express deprecated res.send(status, body): Use res.status(status).send(body) instead at routes/api.js:49:14
[0mGET /api/posts [36m304 [0m24.369 ms - -[0m
debug1
debug2
[0mGET /api/posts [36m304 [0m4.639 ms - -[0m
User Not Found with username Bane
[0mPOST /auth/login [36m302 [0m28.169 ms - 35[0m
[0mGET /auth/failure [36m304 [0m2.882 ms - -[0m
Terminated

npm ERR! Linux 3.13.0-108-generic
npm ERR! argv "/opt/bitnami/nodejs/bin/.node.bin" "/opt/bitnami/nodejs/bin/npm" "start"
npm ERR! node v6.9.5
npm ERR! npm  v3.10.10
npm ERR! code ELIFECYCLE
npm ERR! www@0.0.0 start: `node ./bin/www`
npm ERR! Exit status 143
npm ERR! 
npm ERR! Failed at the www@0.0.0 start script 'node ./bin/www'.
npm ERR! Make sure you have the latest version of node.js and npm installed.
npm ERR! If you do, this is most likely a problem with the www package,
npm ERR! not with npm itself.
npm ERR! Tell the author that this fails on your system:
npm ERR!     node ./bin/www
npm ERR! You can get information on how to open an issue for this project with:
npm ERR!     npm bugs www
npm ERR! Or if that isn't available, you can get their info via:
npm ERR!     npm owner ls www
npm ERR! There is likely additional logging output above.

npm ERR! Please include the following file with any support request:
npm ERR!     /home/bitnami/www/npm-debug.log
